Summary of SPARK analysis
=========================

----------------------------------------------------------------------------------------------------------
SPARK Analysis results        Total        Flow    Interval   CodePeer     Provers   Justified    Unproved
----------------------------------------------------------------------------------------------------------
Data Dependencies                 .           .           .          .           .           .           .
Flow Dependencies                 .           .           .          .           .           .           .
Initialization                   35          35           .          .           .           .           .
Non-Aliasing                      .           .           .          .           .           .           .
Run-time Checks                  20           .          15          .    1 (CVC4)           .           4
Assertions                        .           .           .          .           .           .           .
Functional Contracts             13           .           .          .    1 (CVC4)           .          12
LSP Verification                  .           .           .          .           .           .           .
----------------------------------------------------------------------------------------------------------
Total                            68    35 (51%)    15 (22%)          .      2 (3%)           .    16 (24%)


Analyzed 4 units
in unit main, 0 subprograms and packages out of 1 analyzed
  Main at main.adb:5 skipped
in unit pump, 13 subprograms and packages out of 13 analyzed
  PUMP at pump.ads:1 flow analyzed (0 errors and 0 warnings) and proved (0 checks)
  PUMP.APPEND_RESERVOIR at pump.ads:19 flow analyzed (0 errors and 0 warnings) and proved (0 checks)
  PUMP.GET_CURRENT_NOZZLE_STATE at pump.ads:30 flow analyzed (0 errors and 0 warnings) and proved (0 checks)
  PUMP.GET_RESEVOIR_CATEGORY at pump.ads:33 flow analyzed (0 errors and 0 warnings) and proved (0 checks)
  PUMP.GET_STATE at pump.ads:29 flow analyzed (0 errors and 0 warnings) and proved (0 checks)
  PUMP.GET_TANKS_SIZE at pump.ads:32 flow analyzed (0 errors and 0 warnings) and proved (0 checks)
  PUMP.GET_UNIT_PRICE at pump.ads:31 flow analyzed (0 errors and 0 warnings) and proved (0 checks)
  PUMP.REMOVE_PETROL_RESERVOIR at pump.ads:23 flow analyzed (0 errors and 0 warnings) and proved (3 checks)
  PUMP.SET_FUEL_PRICE at pump.ads:14 flow analyzed (0 errors and 0 warnings) and proved (0 checks)
  PUMP.SET_PUMPED at pump.ads:16 flow analyzed (0 errors and 0 warnings) and proved (0 checks)
  PUMP.SET_PUMP_NOZZLE_STATE at pump.ads:17 flow analyzed (0 errors and 0 warnings) and proved (0 checks)
  PUMP.SET_PUMP_STATE at pump.ads:15 flow analyzed (0 errors and 0 warnings) and proved (0 checks)
  PUMP.SET_RESERVOIR_SIZE at pump.ads:21 flow analyzed (0 errors and 0 warnings) and proved (0 checks)
in unit pump_unit, 23 subprograms and packages out of 23 analyzed
  PUMP_UNIT at pump_unit.ads:3 flow analyzed (0 errors and 0 warnings) and proved (0 checks)
  PUMP_UNIT.ADD_PUMP at pump_unit.ads:36 flow analyzed (0 errors and 0 warnings) and not proved, 0 checks out of 1 proved
  PUMP_UNIT.GET_FUEL at pump_unit.ads:20 flow analyzed (0 errors and 0 warnings) and proved (0 checks)
  PUMP_UNIT.GET_ID at pump_unit.ads:17 flow analyzed (0 errors and 0 warnings) and proved (0 checks)
  PUMP_UNIT.GET_PUMP at pump_unit.ads:15 flow analyzed (0 errors and 0 warnings) and proved (0 checks)
  PUMP_UNIT.GET_PUMPED at pump_unit.ads:19 flow analyzed (0 errors and 0 warnings) and proved (0 checks)
  PUMP_UNIT.GET_PUMP_NOZZLE_STATE at pump_unit.ads:24 flow analyzed (0 errors and 0 warnings) and proved (0 checks)
  PUMP_UNIT.GET_PUMP_UNIT_STATE at pump_unit.ads:23 flow analyzed (0 errors and 0 warnings) and proved (0 checks)
  PUMP_UNIT.GET_TANKS_SIZE at pump_unit.ads:16 flow analyzed (0 errors and 0 warnings) and proved (0 checks)
  PUMP_UNIT.GET_TO_PAY at pump_unit.ads:18 flow analyzed (0 errors and 0 warnings) and proved (0 checks)
  PUMP_UNIT.LEFT_NOZZLE at pump_unit.ads:42 flow analyzed (0 errors and 0 warnings) and not proved, 0 checks out of 1 proved
  PUMP_UNIT.RETURN_NOZZLE at pump_unit.ads:47 flow analyzed (0 errors and 0 warnings) and not proved, 0 checks out of 1 proved
  PUMP_UNIT.SET_IS_PAID at pump_unit.ads:29 flow analyzed (0 errors and 0 warnings) and proved (0 checks)
  PUMP_UNIT.SET_IS_USING at pump_unit.ads:28 flow analyzed (0 errors and 0 warnings) and proved (0 checks)
  PUMP_UNIT.SET_PUMPED at pump_unit.ads:32 flow analyzed (0 errors and 0 warnings) and proved (0 checks)
  PUMP_UNIT.SET_PUMP_ACTIVE_STATE at pump_unit.ads:33 flow analyzed (0 errors and 0 warnings) and proved (0 checks)
  PUMP_UNIT.SET_PUMP_NOZZLE_STATE at pump_unit.ads:34 flow analyzed (0 errors and 0 warnings) and proved (0 checks)
  PUMP_UNIT.SET_TO_PAY at pump_unit.ads:30 flow analyzed (0 errors and 0 warnings) and proved (0 checks)
  PUMP_UNIT.SET_UNIT_ID at pump_unit.ads:31 flow analyzed (0 errors and 0 warnings) and proved (0 checks)
  PUMP_UNIT.START_PUMPING at pump_unit.ads:57 flow analyzed (0 errors and 0 warnings) and not proved, 14 checks out of 26 proved
  PUMP_UNIT.STOP_PUMPING at pump_unit.ads:62 flow analyzed (0 errors and 0 warnings) and not proved, 0 checks out of 1 proved
  PUMP_UNIT.UNIT_IS_PAID at pump_unit.ads:22 flow analyzed (0 errors and 0 warnings) and proved (0 checks)
  PUMP_UNIT.UNIT_IS_USING at pump_unit.ads:21 flow analyzed (0 errors and 0 warnings) and proved (0 checks)
in unit sprint, 0 subprograms and packages out of 6 analyzed
  sPrint at sprint.ads:2 skipped
  sPrint.print at sprint.ads:3 skipped
  sPrint.print_float_type at sprint.ads:4 skipped
  sPrint.print_fuel_type at sprint.ads:7 skipped
  sPrint.print_nozzle_type at sprint.ads:6 skipped
  sPrint.print_state_type at sprint.ads:5 skipped
